<?xml version="1.0" encoding="UTF-8"?>
<!-- Generated by org.testng.reporters.JUnitReportReporter -->
<testsuite skipped="0" hostname="kartikey" name="MySeleniumSessionClasses_October2019.MySeleniumSessionClasses_October2019.NewTest" tests="1" failures="0" timestamp="2019-12-01T21:36:59 IST" time="8.469" errors="0">
  <testcase name="testeasy" time="8.469" classname="MySeleniumSessionClasses_October2019.MySeleniumSessionClasses_October2019.NewTest"/>
</testsuite> <!-- MySeleniumSessionClasses_October2019.MySeleniumSessionClasses_October2019.NewTest -->
